


ARM Macro Assembler    Page 1 PA2-Nghia Ho-PART3


    1 00000000                 TTL              PA2-Nghia Ho-PART3
    2 00000000                 AREA             PART3A,DATA,READONLY
    3 00000000                 EXPORT           __Vectors
    4 00000000         
    5 00000000 20002000 
                       __Vectors
                               DCD              0x20002000
    6 00000004 00000000        DCD              Reset_Handler
    7 00000008 00000007 
              00000006 
              00000005 A       DCD              7,6,5       ;Initialize array w
                                                            ith given element 
    8 00000014 00000002 
                       S       DCD              2           ;where sum is store
                                                            d
    9 00000018                 AREA             PART3B,DATA,READWRITE
   10 00000000 00000000 
                       R       DCD              0
   11 00000004                 AREA             PART3C,CODE,READONLY
   12 00000000                 ENTRY
   13 00000000                 EXPORT           Reset_Handler
   14 00000000         
   15 00000000         Reset_Handler
   16 00000000 4813            LDR              R0,=A       ;R0=address of A   
                                                             
   17 00000002 4914            LDR              R1,=S
   18 00000004 4A14            LDR              R2,=R       ;R1<-0
   19 00000006         ;R1=0
   20 00000006         ;R1=i
   21 00000006 680B            LDR              R3,[R1]
   22 00000008 2B00    CASE0   CMP              R3,#0
   23 0000000A D104            BNE              CASE1
   24 0000000C 6804            LDR              R4,[R0,#0]
   25 0000000E 6845            LDR              R5,[R0,#4]
   26 00000010 442C            ADD              R4,R4,R5
   27 00000012 6014            STR              R4,[R2]
   28 00000014 E01C            B                BREAK
   29 00000016 2B01    CASE1   CMP              R3,#1
   30 00000018 D105            BNE              CASE2
   31 0000001A 6804            LDR              R4,[R0,#0]
   32 0000001C 6845            LDR              R5,[R0,#4]
   33 0000001E EBA4 0405       SUB              R4,R4,R5
   34 00000022 6014            STR              R4,[R2]
   35 00000024 E014            B                BREAK
   36 00000026 2B02    CASE2   CMP              R3,#2
   37 00000028 D105            BNE              CASE3
   38 0000002A 6804            LDR              R4,[R0,#0]
   39 0000002C 6845            LDR              R5,[R0,#4]
   40 0000002E FB04 F405       MUL              R4,R4,R5
   41 00000032 6014            STR              R4,[R2]
   42 00000034 E00C            B                BREAK
   43 00000036 2B03    CASE3   CMP              R3,#3
   44 00000038 D107            BNE              DEFAULT
   45 0000003A 6804            LDR              R4,[R0,#0]
   46 0000003C 6845            LDR              R5,[R0,#4]
   47 0000003E 6886            LDR              R6,[R0,#8]
   48 00000040 FB05 F506       MUL              R5,R5,R6
   49 00000044 442C            ADD              R4,R4,R5
   50 00000046 6014            STR              R4,[R2]



ARM Macro Assembler    Page 2 PA2-Nghia Ho-PART3


   51 00000048 E002            B                BREAK
   52 0000004A F04F 0400 
                       DEFAULT MOV              R4,#0
   53 0000004E 6014            STR              R4,[R2]
   54 00000050         
   55 00000050         BREAK
   56 00000050                 END
              00000000 
              00000000 
              00000000 
Command Line: --debug --xref --diag_suppress=9931 --cpu=Cortex-M7 --fpu=SoftVFP
 --apcs=interwork --depend=.\objects\pa2.d -o.\objects\pa2.o -I.\RTE\_Target_1 
-IC:\Keil_v5\ARM\PACK\ARM\CMSIS\5.0.1\Device\ARM\ARMCM7\Include -IC:\Keil_v5\AR
M\CMSIS\Include --predefine="__EVAL SETA 1" --predefine="__UVISION_VERSION SETA
 524" --predefine="ARMCM7 SETA 1" --list=.\listings\pa2.lst PA2.s



ARM Macro Assembler    Page 1 Alphabetic symbol ordering
Relocatable symbols

A 00000008

Symbol: A
   Definitions
      At line 7 in file PA2.s
   Uses
      At line 16 in file PA2.s
Comment: A used once
PART3A 00000000

Symbol: PART3A
   Definitions
      At line 2 in file PA2.s
   Uses
      None
Comment: PART3A unused
S 00000014

Symbol: S
   Definitions
      At line 8 in file PA2.s
   Uses
      At line 17 in file PA2.s
Comment: S used once
__Vectors 00000000

Symbol: __Vectors
   Definitions
      At line 5 in file PA2.s
   Uses
      At line 3 in file PA2.s
Comment: __Vectors used once
4 symbols



ARM Macro Assembler    Page 1 Alphabetic symbol ordering
Relocatable symbols

PART3B 00000000

Symbol: PART3B
   Definitions
      At line 9 in file PA2.s
   Uses
      None
Comment: PART3B unused
R 00000000

Symbol: R
   Definitions
      At line 10 in file PA2.s
   Uses
      At line 18 in file PA2.s
Comment: R used once
2 symbols



ARM Macro Assembler    Page 1 Alphabetic symbol ordering
Relocatable symbols

BREAK 00000050

Symbol: BREAK
   Definitions
      At line 55 in file PA2.s
   Uses
      At line 28 in file PA2.s
      At line 35 in file PA2.s
      At line 42 in file PA2.s
      At line 51 in file PA2.s

CASE0 00000008

Symbol: CASE0
   Definitions
      At line 22 in file PA2.s
   Uses
      None
Comment: CASE0 unused
CASE1 00000016

Symbol: CASE1
   Definitions
      At line 29 in file PA2.s
   Uses
      At line 23 in file PA2.s
Comment: CASE1 used once
CASE2 00000026

Symbol: CASE2
   Definitions
      At line 36 in file PA2.s
   Uses
      At line 30 in file PA2.s
Comment: CASE2 used once
CASE3 00000036

Symbol: CASE3
   Definitions
      At line 43 in file PA2.s
   Uses
      At line 37 in file PA2.s
Comment: CASE3 used once
DEFAULT 0000004A

Symbol: DEFAULT
   Definitions
      At line 52 in file PA2.s
   Uses
      At line 44 in file PA2.s
Comment: DEFAULT used once
PART3C 00000000

Symbol: PART3C
   Definitions
      At line 11 in file PA2.s
   Uses
      None
Comment: PART3C unused



ARM Macro Assembler    Page 2 Alphabetic symbol ordering
Relocatable symbols

Reset_Handler 00000000

Symbol: Reset_Handler
   Definitions
      At line 15 in file PA2.s
   Uses
      At line 6 in file PA2.s
      At line 13 in file PA2.s

8 symbols
349 symbols in table
